<?xml version="1.0" encoding="UTF-8"?>
<!-- Generated by org.testng.reporters.JUnitReportReporter -->
<testsuite skipped="0" hostname="DESKTOP-ALIGVLK" name="ee.protoskoop.gwt.edulog.UserRegisterTest" tests="3" failures="0" timestamp="2021-02-09T18:08:41 EET" time="4.873" errors="0">
  <testcase name="userDatabaseHasUserData" time="0.025" classname="ee.protoskoop.gwt.edulog.UserRegisterTest"/>
  <system-out/>
  <testcase name="connectionCheck" time="0.046" classname="ee.protoskoop.gwt.edulog.UserRegisterTest"/>
  <system-out/>
  <testcase name="allPasswordsAreSavedAsHash" time="4.802" classname="ee.protoskoop.gwt.edulog.UserRegisterTest"/>
  <system-out/>
</testsuite> <!-- ee.protoskoop.gwt.edulog.UserRegisterTest -->
