<?xml version="1.0" encoding="UTF-8"?>
<!-- Generated by org.testng.reporters.JUnitReportReporter -->
<testsuite skipped="0" hostname="DESKTOP-ALIGVLK" name="ee.protoskoop.gwt.edulog.SessionTest" tests="2" failures="0" timestamp="2021-02-11T10:39:51 EET" time="4.550" errors="0">
  <testcase name="sessionDataFromDatabase" time="4.352" classname="ee.protoskoop.gwt.edulog.SessionTest"/>
  <system-out/>
  <testcase name="sessionDataToDatabase" time="0.198" classname="ee.protoskoop.gwt.edulog.SessionTest"/>
  <system-out/>
</testsuite> <!-- ee.protoskoop.gwt.edulog.SessionTest -->
